<?xml version="1.0" encoding="utf-8" standalone="no"?>
<!--This file represents the results of running a test suite-->
<test-results name="C:\Code\Github\C_Sharp\CodeKata\PredictTheNumber-3-27-2014\ConsoleApplication1\PredictTheNumber.Tests\PredictTheNumber.Tests.csproj" total="1" errors="0" failures="0" not-run="0" inconclusive="0" ignored="0" skipped="0" invalid="0" date="2014-04-28" time="17:00:59">
  <environment nunit-version="2.6.2.12296" clr-version="2.0.50727.5477" os-version="Microsoft Windows NT 6.1.7601 Service Pack 1" platform="Win32NT" cwd="C:\Code\Github\C_Sharp\CodeKata\PredictTheNumber-3-27-2014\ConsoleApplication1\PredictTheNumber.Tests" machine-name="ELDERWYRM" user="James" user-domain="ElderWyrm" />
  <culture-info current-culture="en-US" current-uiculture="en-US" />
  <test-suite type="Project" name="C:\Code\Github\C_Sharp\CodeKata\PredictTheNumber-3-27-2014\ConsoleApplication1\PredictTheNumber.Tests\PredictTheNumber.Tests.csproj" executed="True" result="Success" success="True" time="0.006" asserts="0">
    <results>
      <test-suite type="Assembly" name="C:\Code\Github\C_Sharp\CodeKata\PredictTheNumber-3-27-2014\ConsoleApplication1\PredictTheNumber.Tests\bin\Debug\PredictTheNumber.Tests.dll" executed="True" result="Success" success="True" time="0.005" asserts="0">
        <results>
          <test-suite type="Namespace" name="PredictTheNumber" executed="True" result="Success" success="True" time="0.004" asserts="0">
            <results>
              <test-suite type="Namespace" name="Tests" executed="True" result="Success" success="True" time="0.003" asserts="0">
                <results>
                  <test-suite type="TestFixture" name="Benchmarks" executed="True" result="Success" success="True" time="0.002" asserts="0">
                    <results>
                      <test-case name="PredictTheNumber.Tests.Benchmarks.CalculateRunTimeForPredeterminedValues" executed="True" result="Success" success="True" time="0.001" asserts="1" />
                    </results>
                  </test-suite>
                </results>
              </test-suite>
            </results>
          </test-suite>
        </results>
      </test-suite>
    </results>
  </test-suite>
</test-results>