<?xml version="1.0" encoding="utf-8" standalone="no"?>
<!--This file represents the results of running a test suite-->
<test-results name="C:\Code\Github\C_Sharp\CodeKata\BankOCR-8-9-2013\src\KataBankOCR\KataBankOCRTest\KataBankOCR.UnitTests.csproj" total="8" errors="0" failures="0" not-run="0" inconclusive="0" ignored="0" skipped="0" invalid="0" date="2013-08-09" time="14:30:11">
  <environment nunit-version="2.6.2.12296" clr-version="2.0.50727.5472" os-version="Microsoft Windows NT 6.1.7601 Service Pack 1" platform="Win32NT" cwd="C:\Code\Github\C_Sharp\CodeKata\BankOCR-8-9-2013\src\KataBankOCR\KataBankOCRTest" machine-name="ELDERWYRM" user="James" user-domain="ElderWyrm" />
  <culture-info current-culture="en-US" current-uiculture="en-US" />
  <test-suite type="Project" name="C:\Code\Github\C_Sharp\CodeKata\BankOCR-8-9-2013\src\KataBankOCR\KataBankOCRTest\KataBankOCR.UnitTests.csproj" executed="True" result="Success" success="True" time="0.109" asserts="0">
    <results>
      <test-suite type="Assembly" name="C:\Code\Github\C_Sharp\CodeKata\BankOCR-8-9-2013\src\KataBankOCR\KataBankOCRTest\bin\Debug\KataBankOCRTest.dll" executed="True" result="Success" success="True" time="0.094" asserts="0">
        <results>
          <test-suite type="Namespace" name="KataBankOCR" executed="True" result="Success" success="True" time="0.094" asserts="0">
            <results>
              <test-suite type="Namespace" name="UnitTest" executed="True" result="Success" success="True" time="0.094" asserts="0">
                <results>
                  <test-suite type="TestFixture" name="KataTest" executed="True" result="Success" success="True" time="0.094" asserts="0">
                    <results>
                      <test-case name="KataBankOCR.UnitTest.KataTest.OcrNumberIs1" executed="True" result="Success" success="True" time="0.062" asserts="1" />
                      <test-case name="KataBankOCR.UnitTest.KataTest.OcrNumberIs2" executed="True" result="Success" success="True" time="0.000" asserts="1" />
                      <test-case name="KataBankOCR.UnitTest.KataTest.OcrNumberIs3" executed="True" result="Success" success="True" time="0.000" asserts="1" />
                      <test-case name="KataBankOCR.UnitTest.KataTest.OcrNumberIs4" executed="True" result="Success" success="True" time="0.000" asserts="1" />
                      <test-case name="KataBankOCR.UnitTest.KataTest.OcrNumberIs5" executed="True" result="Success" success="True" time="0.000" asserts="1" />
                      <test-case name="KataBankOCR.UnitTest.KataTest.OcrNumberIs6" executed="True" result="Success" success="True" time="0.000" asserts="1" />
                      <test-case name="KataBankOCR.UnitTest.KataTest.OcrNumberIs7" executed="True" result="Success" success="True" time="0.000" asserts="1" />
                      <test-case name="KataBankOCR.UnitTest.KataTest.OcrNumberIs8" executed="True" result="Success" success="True" time="0.000" asserts="1" />
                    </results>
                  </test-suite>
                </results>
              </test-suite>
            </results>
          </test-suite>
        </results>
      </test-suite>
    </results>
  </test-suite>
</test-results>