<?xml version="1.0" encoding="utf-8" standalone="no"?>
<!--This file represents the results of running a test suite-->
<test-results name="C:\Code\Github\C_Sharp\CodeKata\ReverseAndAdd-2-25-2014\ReverseAndAdd\ReverseAndAdd\ReverseAndAdd.Code.csproj" total="0" errors="0" failures="0" not-run="0" inconclusive="0" ignored="0" skipped="0" invalid="0" date="2014-03-03" time="15:28:45">
  <environment nunit-version="2.6.2.12296" clr-version="2.0.50727.5477" os-version="Microsoft Windows NT 6.1.7601 Service Pack 1" platform="Win32NT" cwd="C:\Code\Github\C_Sharp\CodeKata\ReverseAndAdd-2-25-2014\ReverseAndAdd\ReverseAndAdd" machine-name="ELDERWYRM" user="James" user-domain="ElderWyrm" />
  <culture-info current-culture="en-US" current-uiculture="en-US" />
  <test-suite type="Project" name="C:\Code\Github\C_Sharp\CodeKata\ReverseAndAdd-2-25-2014\ReverseAndAdd\ReverseAndAdd\ReverseAndAdd.Code.csproj" executed="True" result="Inconclusive" success="False" time="0.013" asserts="0">
    <results>
      <test-suite type="Assembly" name="C:\Code\Github\C_Sharp\CodeKata\ReverseAndAdd-2-25-2014\ReverseAndAdd\ReverseAndAdd\bin\Debug\ReverseAndAdd.exe" executed="True" result="Inconclusive" success="False" time="0.002" asserts="0" />
    </results>
  </test-suite>
</test-results>