<?xml version="1.0" encoding="utf-8" standalone="no"?>
<!--This file represents the results of running a test suite-->
<test-results name="C:\Code\Github\C_Sharp\CodeKata\PredictTheNumber-4-27-2014\PredictTheNumber\PredictTheNumber.UnitTests\PredictTheNumber.Tests.csproj" total="11" errors="0" failures="0" not-run="0" inconclusive="0" ignored="0" skipped="0" invalid="0" date="2014-04-29" time="20:04:27">
  <environment nunit-version="2.6.2.12296" clr-version="2.0.50727.5477" os-version="Microsoft Windows NT 6.1.7601 Service Pack 1" platform="Win32NT" cwd="C:\Code\Github\C_Sharp\CodeKata\PredictTheNumber-4-27-2014\PredictTheNumber\PredictTheNumber.UnitTests" machine-name="ELDERWYRM" user="James" user-domain="ElderWyrm" />
  <culture-info current-culture="en-US" current-uiculture="en-US" />
  <test-suite type="Project" name="C:\Code\Github\C_Sharp\CodeKata\PredictTheNumber-4-27-2014\PredictTheNumber\PredictTheNumber.UnitTests\PredictTheNumber.Tests.csproj" executed="True" result="Success" success="True" time="37.053" asserts="0">
    <results>
      <test-suite type="Assembly" name="C:\Code\Github\C_Sharp\CodeKata\PredictTheNumber-4-27-2014\PredictTheNumber\PredictTheNumber.UnitTests\bin\Debug\PredictTheNumber.UnitTests.dll" executed="True" result="Success" success="True" time="37.053" asserts="0">
        <results>
          <test-suite type="Namespace" name="PredictTheNumber" executed="True" result="Success" success="True" time="37.052" asserts="0">
            <results>
              <test-suite type="Namespace" name="UnitTests" executed="True" result="Success" success="True" time="37.050" asserts="0">
                <results>
                  <test-suite type="TestFixture" name="Benchmarks" executed="True" result="Success" success="True" time="36.770" asserts="0">
                    <results>
                      <test-case name="PredictTheNumber.UnitTests.Benchmarks.CalculateRunTimeForPredeterminedValues" executed="True" result="Success" success="True" time="36.765" asserts="1" />
                    </results>
                  </test-suite>
                  <test-suite type="TestFixture" name="UnitTests" executed="True" result="Success" success="True" time="0.276" asserts="0">
                    <results>
                      <test-case name="PredictTheNumber.UnitTests.UnitTests.Position0Is0" executed="True" result="Success" success="True" time="0.000" asserts="1" />
                      <test-case name="PredictTheNumber.UnitTests.UnitTests.Position0ShouldReturn0" executed="True" result="Success" success="True" time="0.000" asserts="1" />
                      <test-case name="PredictTheNumber.UnitTests.UnitTests.Position1Is1" executed="True" result="Success" success="True" time="0.000" asserts="1" />
                      <test-case name="PredictTheNumber.UnitTests.UnitTests.Position1ShouldReturn01" executed="True" result="Success" success="True" time="0.000" asserts="1" />
                      <test-case name="PredictTheNumber.UnitTests.UnitTests.Position31Is2" executed="True" result="Success" success="True" time="0.000" asserts="1" />
                      <test-case name="PredictTheNumber.UnitTests.UnitTests.Position3ShouldReturn0112" executed="True" result="Success" success="True" time="0.001" asserts="1" />
                      <test-case name="PredictTheNumber.UnitTests.UnitTests.Position5ShouldReturn01121220" executed="True" result="Success" success="True" time="0.000" asserts="1" />
                      <test-case name="PredictTheNumber.UnitTests.UnitTests.String0112ShouldReturn01121220" executed="True" result="Success" success="True" time="0.001" asserts="1" />
                      <test-case name="PredictTheNumber.UnitTests.UnitTests.String01ShouldReturn0112" executed="True" result="Success" success="True" time="0.000" asserts="1" />
                      <test-case name="PredictTheNumber.UnitTests.UnitTests.String0ShouldReturn01" executed="True" result="Success" success="True" time="0.000" asserts="1" />
                    </results>
                  </test-suite>
                </results>
              </test-suite>
            </results>
          </test-suite>
        </results>
      </test-suite>
    </results>
  </test-suite>
</test-results>